Shuffling the deck
cut at 39
cut at 22
cut at 33
cut at 37
cut at 38
cut at 37
cut at 38
Hand 0 bankroll 100
Player bets 5
Player dealt King of Spades
Dealer dealt Three of Diamonds
Player dealt Six of Diamonds
Player dealt Ten of Hearts
Player dealt King of Hearts
Player dealt Ace of Clubs
Player dealt Seven of Hearts
Player dealt Three of Clubs
Player dealt Jack of Spades
Player dealt Eight of Diamonds
Player dealt Eight of Clubs
Player dealt Two of Spades
Player dealt Nine of Spades
Player dealt Jack of Hearts
Player dealt Ten of Diamonds
Player dealt Jack of Diamonds
Player dealt Ace of Spades
Player dealt Eight of Spades
Player dealt Four of Hearts
Player dealt Ace of Diamonds
Player dealt Ace of Hearts
Player dealt Queen of Hearts
Player dealt Six of Spades
Player dealt Four of Clubs
Player dealt Five of Clubs
Player dealt Nine of Diamonds
Player dealt Nine of Clubs
Player dealt Three of Spades
Player dealt King of Diamonds
Player dealt Queen of Diamonds
Player dealt Five of Diamonds
Player dealt Two of Hearts
Player dealt Eight of Hearts
Player dealt Six of Clubs
Player dealt Ten of Clubs
Player dealt Four of Diamonds
Player dealt Two of Clubs
Player dealt Queen of Spades
Player dealt Five of Hearts
Player dealt Three of Hearts
Player dealt Seven of Diamonds
Player dealt Seven of Clubs
Player dealt Jack of Clubs
Player dealt Two of Diamonds
Player dealt Five of Spades
Player dealt Nine of Hearts
Player dealt Queen of Clubs
Player dealt Ten of Spades
Player dealt Six of Hearts
Player dealt Seven of Spades
Player dealt King of Clubs
