Starting tick #0
Call from Andrew a gold member
Call from Bill a platinum member
Call from Charlie a silver member
Call from Dick a regular member
Answering call from Bill
Starting tick #1
Starting tick #2
Call from Ethan a platinum member
Starting tick #3
Answering call from Ethan
Starting tick #4
Call from Fred a gold member
Call from George a regular member
Call from Hannah a regular member
Starting tick #5
Starting tick #6
Answering call from Andrew
Starting tick #7
Starting tick #8
Starting tick #9
Answering call from Fred
Starting tick #10
Starting tick #11
Starting tick #12
Answering call from Charlie
Starting tick #13
Starting tick #14
Starting tick #15
Answering call from Dick
Starting tick #16
Starting tick #17
Starting tick #18
Answering call from George
Starting tick #19
Starting tick #20
Starting tick #21
Answering call from Hannah
Starting tick #22
Starting tick #23
Starting tick #24
